This is pdfTeX, Version 3.1415926-2.5-1.40.14 (MiKTeX 2.9) (preloaded format=pdflatex 2014.10.2)  18 NOV 2014 00:00
entering extended mode
**relatorio_IHC.tex
(C:\Users\Augusto\Documents\GitHub\Relatorio-IHC\relatorio_IHC.tex
LaTeX2e <2011/06/27>
Babel <v3.8m> and hyphenation patterns for english, afrikaans, ancientgreek, ar
abic, armenian, assamese, basque, bengali, bokmal, bulgarian, catalan, coptic, 
croatian, czech, danish, dutch, esperanto, estonian, farsi, finnish, french, ga
lician, german, german-x-2013-05-26, greek, gujarati, hindi, hungarian, iceland
ic, indonesian, interlingua, irish, italian, kannada, kurmanji, latin, latvian,
 lithuanian, malayalam, marathi, mongolian, mongolianlmc, monogreek, ngerman, n
german-x-2013-05-26, nynorsk, oriya, panjabi, pinyin, polish, portuguese, roman
ian, russian, sanskrit, serbian, slovak, slovenian, spanish, swedish, swissgerm
an, tamil, telugu, turkish, turkmen, ukenglish, ukrainian, uppersorbian, usengl
ishmax, welsh, loaded.
(C:\Users\Augusto\Documents\GitHub\Relatorio-IHC\headers/pacotes.tex
("C:\Program Files (x86)\MiKTeX 2.9\tex\latex\abntex2\abntex2.cls"
Document Class: abntex2 2014/01/26 v1.9.2 abnTeX2
("C:\Program Files (x86)\MiKTeX 2.9\tex\latex\base\ifthen.sty"
Package: ifthen 2001/05/26 v1.1c Standard LaTeX ifthen package (DPC)
)
("C:\Program Files (x86)\MiKTeX 2.9\tex\latex\memoir\memoir.cls"
Document Class: memoir 2013/05/30 v3.7b configurable book, report, article docu
ment class
\onelineskip=\skip41
\lxvchars=\skip42
\xlvchars=\skip43
\@memcnta=\count79
\c@@memmarkcntra=\count80
\l@nohyphenation=\language69
("C:\Program Files (x86)\MiKTeX 2.9\tex\generic\oberdiek\ifpdf.sty"
Package: ifpdf 2011/01/30 v2.3 Provides the ifpdf switch (HO)
Package ifpdf Info: pdfTeX in PDF mode is detected.
)
("C:\Program Files (x86)\MiKTeX 2.9\tex\latex\ifetex\ifetex.sty"
Package: ifetex 2011/12/15 v1.2 ifetex

("C:\Program Files (x86)\MiKTeX 2.9\tex\plain\ifetex\ifetex.tex"))
("C:\Program Files (x86)\MiKTeX 2.9\tex\generic\ifxetex\ifxetex.sty"
Package: ifxetex 2010/09/12 v0.6 Provides ifxetex conditional
)
("C:\Program Files (x86)\MiKTeX 2.9\tex\generic\oberdiek\ifluatex.sty"
Package: ifluatex 2010/03/01 v1.3 Provides the ifluatex switch (HO)
Package ifluatex Info: LuaTeX not detected.
)
\stockheight=\skip44
\stockwidth=\skip45
\trimtop=\skip46
\trimedge=\skip47

("C:\Program Files (x86)\MiKTeX 2.9\tex\latex\misc\etex.sty"
Package: etex 1998/03/26 v2.0 eTeX basic definition package (PEB)
\et@xins=\count81
)
("C:\Program Files (x86)\MiKTeX 2.9\tex\latex\memoir\mem12.clo"
File: mem12.clo 2010/10/19 v0.4b memoir class 12pt size option
)
\binding=\skip48
\spinemargin=\skip49
\foremargin=\skip50
\uppermargin=\skip51
\lowermargin=\skip52
\headdrop=\skip53
\normalrulethickness=\skip54
\mem@maxheadheight=\skip55
\mem@maxfootheight=\skip56
\headwidth=\skip57
\c@storedpagenumber=\count82
\memPD=\dimen102
\m@mabparskip=\skip58
\thanksmarkwidth=\skip59
\thanksmarksep=\skip60
\droptitle=\skip61
\c@book=\count83
\c@part=\count84
\c@chapter=\count85
\c@section=\count86
\c@subsection=\count87
\c@subsubsection=\count88
\c@paragraph=\count89
\c@subparagraph=\count90
\beforechapskip=\skip62
\midchapskip=\skip63
\afterchapskip=\skip64
\chapindent=\skip65
\bottomsectionskip=\skip66
\secindent=\skip67
\beforesecskip=\skip68
\aftersecskip=\skip69
\subsecindent=\skip70
\beforesubsecskip=\skip71
\aftersubsecskip=\skip72
\subsubsecindent=\skip73
\beforesubsubsecskip=\skip74
\aftersubsubsecskip=\skip75
\paraindent=\skip76
\beforeparaskip=\skip77
\afterparaskip=\skip78
\subparaindent=\skip79
\beforesubparaskip=\skip80
\aftersubparaskip=\skip81
\pfbreakskip=\skip82
\c@@ppsavesec=\count91
\c@@ppsaveapp=\count92
\ragrparindent=\dimen103
\everylistparindent=\dimen104
\parsepi=\skip83
\topsepi=\skip84
\itemsepi=\skip85
\parsepii=\skip86
\topsepii=\skip87
\topsepiii=\skip88
\itemsepii=\skip89
\itemsepiii=\skip90
\partopsepii=\skip91
\partopsepiii=\skip92
\m@msavetopsep=\skip93
\m@msavepartopsep=\skip94
\@enLab=\toks14
\abstitleskip=\skip95
\absleftindent=\skip96
\abs@leftindent=\dimen105
\absrightindent=\skip97
\absparindent=\skip98
\absparsep=\skip99
\c@vslineno=\count93
\c@poemline=\count94
\c@modulo@vs=\count95
\c@memfvsline=\count96
\vleftskip=\skip100
\vrightskip=\skip101
\stanzaskip=\skip102
\versewidth=\skip103
\vgap=\skip104
\vindent=\skip105
\vleftmargin=\dimen106
\c@verse=\count97
\c@chrsinstr=\count98
\beforepoemtitleskip=\skip106
\afterpoemtitleskip=\skip107
\c@poem=\count99
\beforePoemTitleskip=\skip108
\midPoemTitleskip=\skip109
\afterPoemTitleskip=\skip110
\col@sep=\dimen107
\extrarowheight=\dimen108
\NC@list=\toks15
\extratabsurround=\skip111
\backup@length=\skip112
\TX@col@width=\dimen109
\TX@old@table=\dimen110
\TX@old@col=\dimen111
\TX@target=\dimen112
\TX@delta=\dimen113
\TX@cols=\count100
\TX@ftn=\toks16
\heavyrulewidth=\dimen114
\lightrulewidth=\dimen115
\cmidrulewidth=\dimen116
\belowrulesep=\dimen117
\belowbottomsep=\dimen118
\aboverulesep=\dimen119
\abovetopsep=\dimen120
\cmidrulesep=\dimen121
\cmidrulekern=\dimen122
\defaultaddspace=\dimen123
\@cmidla=\count101
\@cmidlb=\count102
\@aboverulesep=\dimen124
\@belowrulesep=\dimen125
\@thisruleclass=\count103
\@lastruleclass=\count104
\@thisrulewidth=\dimen126
\ctableftskip=\skip113
\ctabrightskip=\skip114
\abovecolumnspenalty=\count105
\@linestogo=\count106
\@cellstogo=\count107
\@cellsincolumn=\count108
\crtok=\toks17
\@mincolumnwidth=\dimen127
\c@newflo@tctr=\count109
\mem@margin@floatbox=\box26
\@contcwidth=\skip115
\@contindw=\skip116
\abovecaptionskip=\skip117
\belowcaptionskip=\skip118
\subfloattopskip=\skip119
\subfloatcapskip=\skip120
\subfloatcaptopadj=\skip121
\subfloatbottomskip=\skip122
\subfloatlabelskip=\skip123
\subfloatcapmargin=\dimen128
\c@@contsubnum=\count110
\m@mscap@capbox=\box27
\m@mscap@fbox=\box28
\sidecapsep=\dimen129
\sidecapwidth=\dimen130
\m@m@tempdima=\dimen131
\m@mscapraise=\dimen132
\sidecapraise=\dimen133
\m@mscapmainwidth=\dimen134
\m@mscaplkern=\dimen135
\beforeepigraphskip=\skip124
\afterepigraphskip=\skip125
\epigraphwidth=\skip126
\epigraphrule=\skip127
LaTeX Info: Redefining \em on input line 7492.
LaTeX Info: Redefining \emph on input line 7500.
\tocentryskip=\skip128
\tocbaseline=\skip129
\cftparskip=\skip130
\cftbeforebookskip=\skip131
\cftbookindent=\dimen136
\cftbooknumwidth=\dimen137
\cftbeforepartskip=\skip132
\cftpartindent=\skip133
\cftpartnumwidth=\skip134
\cftbeforechapterskip=\skip135
\cftchapterindent=\skip136
\cftchapternumwidth=\skip137
\cftbeforesectionskip=\skip138
\cftsectionindent=\skip139
\cftsectionnumwidth=\skip140
\cftbeforesubsectionskip=\skip141
\cftsubsectionindent=\skip142
\cftsubsectionnumwidth=\skip143
\cftbeforesubsubsectionskip=\skip144
\cftsubsubsectionindent=\skip145
\cftsubsubsectionnumwidth=\skip146
\cftbeforeparagraphskip=\skip147
\cftparagraphindent=\skip148
\cftparagraphnumwidth=\skip149
\cftbeforesubparagraphskip=\skip150
\cftsubparagraphindent=\skip151
\cftsubparagraphnumwidth=\skip152
\prechapterprecisshift=\dimen138
\c@maxsecnumdepth=\count111
\bibindent=\dimen139
\bibitemsep=\skip153
\indexcolsep=\skip154
\indexrule=\skip155
\indexmarkstyle=\toks18
\@indexbox=\insert233
\glossarycolsep=\dimen140
\glossaryrule=\dimen141
\sideparvshift=\skip156
\sideins=\insert232
\sidebartopsep=\skip157
\sidebarhsep=\skip158
\sidebarvsep=\skip159
\sidebarwidth=\skip160
\footmarkwidth=\skip161
\footmarksep=\skip162
\footparindent=\skip163
\footinsdim=\skip164
\footinsv@r=\insert231
\@mpfootinsv@r=\insert230
\m@m@k=\count112
\m@m@h=\dimen142
\m@mipn@skip=\skip165
\sidefootins=\insert229
\sidefootadjust=\skip166
\sidefootheight=\skip167
\sidefoothsep=\skip168
\sidefootvsep=\skip169
\sidefootwidth=\skip170
\m@mdownsf=\skip171
\c@sidefootnote=\count113
\sidefootmarkwidth=\skip172
\sidefootmarksep=\skip173
\sidefootparindent=\skip174
\c@pagenote=\count114
\c@pagenoteshadow=\count115
\mem@pn@lastkern=\skip175
\every@verbatim=\toks19
\afterevery@verbatim=\toks20
\verbatim@line=\toks21
\tab@position=\count116
\verbatim@in@stream=\read1
\verbatimindent=\skip176
\verbatim@out=\write3
\bvboxsep=\skip177
\c@memfbvline=\count117
\c@bvlinectr=\count118
\bvnumlength=\skip178
\fb@frw=\dimen143
\fb@frh=\dimen144
\FrameRule=\dimen145
\FrameSep=\dimen146
\c@cp@cntr=\count119
LaTeX Info: Redefining \: on input line 11958.
LaTeX Info: Redefining \! on input line 11960.
\c@ism@mctr=\count120
\c@xsm@mctr=\count121
\c@csm@mctr=\count122
\c@ksm@mctr=\count123
\c@xksm@mctr=\count124
\c@cksm@mctr=\count125
\c@msm@mctr=\count126
\c@xmsm@mctr=\count127
\c@cmsm@mctr=\count128
\c@bsm@mctr=\count129
\c@workm@mctr=\count130
\c@sheetsequence=\count131
\c@lastsheet=\count132
\c@lastpage=\count133
\c@figure=\count134
\c@lofdepth=\count135
\cftbeforefigureskip=\skip179
\cftfigureindent=\skip180
\cftfigurenumwidth=\skip181
\c@table=\count136
\c@lotdepth=\count137
\cftbeforetableskip=\skip182
\cfttableindent=\skip183
\cfttablenumwidth=\skip184
Package abstract [2008/07/23] emulated by memoir.
Package appendix [2008/07/23] emulated by memoir.
Package array [2008/09/09] emulated by memoir.
Package booktabs [2008/07/23] emulated by memoir.
Package ccaption [2008/07/23] emulated by memoir.
Package changepage [2008/07/23] emulated by memoir.
Package chngcntr [2008/07/23] emulated by memoir.
Package chngpage [2008/07/23] emulated by memoir.
Package crop emulated by memoir.
Package dcolumn [2008/07/23] emulated by memoir.
Package delarray [2008/07/23] emulated by memoir.
Package enumerate [2008/07/23] emulated by memoir.
Package epigraph [2008/07/23] emulated by memoir.
Package ifmtarg [2008/07/23] emulated by memoir.
Package index [2008/07/23] emulated by memoir.
Package makeidx [2008/07/23] emulated by memoir.
Package moreverb [2008/07/23] emulated by memoir.
Package mparhack [2008/07/23] emulated by memoir.
Package needspace [2008/07/23] emulated by memoir.
Package newfile [2008/07/23] emulated by memoir.
Package nextpage [2008/07/23] emulated by memoir.
Package pagenote [2008/07/23] emulated by memoir.
Package parskip [2008/07/23] emulated by memoir.
Package patchcmd [2008/07/23] emulated by memoir.
Package setspace [2008/07/23] emulated by memoir.
Package shortvrb [2008/07/23] emulated by memoir.
Package showidx [2008/07/23] emulated by memoir.
Package tabularx [2008/07/23] emulated by memoir.
Package titleref [2008/07/23] emulated by memoir.
Package titling [2008/07/23] emulated by memoir.
Package tocbibind [2008/07/23] emulated by memoir.
Package tocloft [2008/07/23] emulated by memoir.
Package tocvsec2 [2008/07/23] emulated by memoir.
Package verbatim [2008/07/23] emulated by memoir.
Package verse [2008/07/23] emulated by memoir.

("C:\Program Files (x86)\MiKTeX 2.9\tex\latex\memoir\mempatch.sty"
Package: mempatch 2009/07/24 v6.0f Patches for memoir class v1.6180339
))
("C:\Program Files (x86)\MiKTeX 2.9\tex\latex\textcase\textcase.sty"
Package: textcase 2004/10/07 v0.07 Text only upper/lower case changing (DPC)
LaTeX Info: Redefining \MakeTextUppercase on input line 47.
LaTeX Info: Redefining \MakeTextLowercase on input line 50.
)
("C:\Program Files (x86)\MiKTeX 2.9\tex\latex\hyperref\hyperref.sty"
Package: hyperref 2012/11/06 v6.83m Hypertext links for LaTeX

("C:\Program Files (x86)\MiKTeX 2.9\tex\generic\oberdiek\hobsub-hyperref.sty"
Package: hobsub-hyperref 2012/04/25 v1.12 Bundle oberdiek, subset hyperref (HO)


("C:\Program Files (x86)\MiKTeX 2.9\tex\generic\oberdiek\hobsub-generic.sty"
Package: hobsub-generic 2012/04/25 v1.12 Bundle oberdiek, subset generic (HO)
Package: hobsub 2012/04/25 v1.12 Construct package bundles (HO)
Package: infwarerr 2010/04/08 v1.3 Providing info/warning/error messages (HO)
Package: ltxcmds 2011/11/09 v1.22 LaTeX kernel commands for general use (HO)
Package hobsub Info: Skipping package `ifluatex' (already loaded).
Package: ifvtex 2010/03/01 v1.5 Detect VTeX and its facilities (HO)
Package ifvtex Info: VTeX not detected.
Package: intcalc 2007/09/27 v1.1 Expandable calculations with integers (HO)
Package hobsub Info: Skipping package `ifpdf' (already loaded).
Package: etexcmds 2011/02/16 v1.5 Avoid name clashes with e-TeX commands (HO)
Package etexcmds Info: Could not find \expanded.
(etexcmds)             That can mean that you are not using pdfTeX 1.50 or
(etexcmds)             that some package has redefined \expanded.
(etexcmds)             In the latter case, load this package earlier.
Package: kvsetkeys 2012/04/25 v1.16 Key value parser (HO)
Package: kvdefinekeys 2011/04/07 v1.3 Define keys (HO)
Package: pdftexcmds 2011/11/29 v0.20 Utility functions of pdfTeX for LuaTeX (HO
)
Package pdftexcmds Info: LuaTeX not detected.
Package pdftexcmds Info: \pdf@primitive is available.
Package pdftexcmds Info: \pdf@ifprimitive is available.
Package pdftexcmds Info: \pdfdraftmode found.
Package: pdfescape 2011/11/25 v1.13 Implements pdfTeX's escape features (HO)
Package: bigintcalc 2012/04/08 v1.3 Expandable calculations on big integers (HO
)
Package: bitset 2011/01/30 v1.1 Handle bit-vector datatype (HO)
Package: uniquecounter 2011/01/30 v1.2 Provide unlimited unique counter (HO)
)
Package hobsub Info: Skipping package `hobsub' (already loaded).
Package: letltxmacro 2010/09/02 v1.4 Let assignment for LaTeX macros (HO)
Package: hopatch 2011/06/24 v1.1 Wrapper for package hooks (HO)
Package: xcolor-patch 2011/01/30 xcolor patch
Package: atveryend 2011/06/30 v1.8 Hooks at the very end of document (HO)
Package atveryend Info: \enddocument detected (standard20110627).
Package: atbegshi 2011/10/05 v1.16 At begin shipout hook (HO)
Package: refcount 2011/10/16 v3.4 Data extraction from label references (HO)
Package: hycolor 2011/01/30 v1.7 Color options for hyperref/bookmark (HO)
)
("C:\Program Files (x86)\MiKTeX 2.9\tex\latex\graphics\keyval.sty"
Package: keyval 1999/03/16 v1.13 key=value parser (DPC)
\KV@toks@=\toks22
)
("C:\Program Files (x86)\MiKTeX 2.9\tex\latex\oberdiek\auxhook.sty"
Package: auxhook 2011/03/04 v1.3 Hooks for auxiliary files (HO)
)
("C:\Program Files (x86)\MiKTeX 2.9\tex\latex\oberdiek\kvoptions.sty"
Package: kvoptions 2011/06/30 v3.11 Key value format for package options (HO)
)
\@linkdim=\dimen147
\Hy@linkcounter=\count138
\Hy@pagecounter=\count139

("C:\Program Files (x86)\MiKTeX 2.9\tex\latex\hyperref\pd1enc.def"
File: pd1enc.def 2012/11/06 v6.83m Hyperref: PDFDocEncoding definition (HO)
)
\Hy@SavedSpaceFactor=\count140

("C:\Program Files (x86)\MiKTeX 2.9\tex\latex\00miktex\hyperref.cfg"
File: hyperref.cfg 2002/06/06 v1.2 hyperref configuration of TeXLive
)
Package hyperref Info: Hyper figures OFF on input line 4443.
Package hyperref Info: Link nesting OFF on input line 4448.
Package hyperref Info: Hyper index ON on input line 4451.
Package hyperref Info: Plain pages OFF on input line 4458.
Package hyperref Info: Backreferencing OFF on input line 4463.
Package hyperref Info: Implicit mode ON; LaTeX internals redefined.
Package hyperref Info: Bookmarks ON on input line 4688.
\c@Hy@tempcnt=\count141

("C:\Program Files (x86)\MiKTeX 2.9\tex\latex\url\url.sty"
\Urlmuskip=\muskip10
Package: url 2013/09/16  ver 3.4  Verb mode for urls, etc.
)
LaTeX Info: Redefining \url on input line 5041.
\XeTeXLinkMargin=\dimen148
\Fld@menulength=\count142
\Field@Width=\dimen149
\Fld@charsize=\dimen150
Package hyperref Info: Hyper figures OFF on input line 6295.
Package hyperref Info: Link nesting OFF on input line 6300.
Package hyperref Info: Hyper index ON on input line 6303.
Package hyperref Info: backreferencing OFF on input line 6310.
Package hyperref Info: Link coloring OFF on input line 6315.
Package hyperref Info: Link coloring with OCG OFF on input line 6320.
Package hyperref Info: PDF/A mode OFF on input line 6325.
LaTeX Info: Redefining \ref on input line 6365.
LaTeX Info: Redefining \pageref on input line 6369.
\Hy@abspage=\count143
\c@Item=\count144
\c@Hfootnote=\count145
)
("C:\Program Files (x86)\MiKTeX 2.9\tex\latex\memoir\memhfixc.sty"
Package: memhfixc 2013/05/30 v1.17 nameref/hyperref package fixes for memoir cl
ass
\c@memhycontfloat=\count146
\c@Hpagenote=\count147
)

Package hyperref Message: Driver (autodetected): hpdftex.

("C:\Program Files (x86)\MiKTeX 2.9\tex\latex\hyperref\hpdftex.def"
File: hpdftex.def 2012/11/06 v6.83m Hyperref driver for pdfTeX
\Fld@listcount=\count148
\c@bookmark@seq@number=\count149

("C:\Program Files (x86)\MiKTeX 2.9\tex\latex\oberdiek\rerunfilecheck.sty"
Package: rerunfilecheck 2011/04/15 v1.7 Rerun checks for auxiliary files (HO)
Package uniquecounter Info: New unique counter `rerunfilecheck' on input line 2
82.
)
\Hy@SectionHShift=\skip185
)
("C:\Program Files (x86)\MiKTeX 2.9\tex\latex\oberdiek\bookmark.sty"
Package: bookmark 2011/12/02 v1.24 PDF bookmarks (HO)

("C:\Program Files (x86)\MiKTeX 2.9\tex\latex\oberdiek\bkm-pdftex.def"
File: bkm-pdftex.def 2011/12/02 v1.24 bookmark driver for pdfTeX (HO)
\BKM@id=\count150
))
("C:\Program Files (x86)\MiKTeX 2.9\tex\generic\babel\babel.sty"
Package: babel 2008/07/08 v3.8m The Babel package

*************************************
* Local config file bblopts.cfg used
*
("C:\Program Files (x86)\MiKTeX 2.9\tex\latex\00miktex\bblopts.cfg"
File: bblopts.cfg 2006/07/31 v1.0 MiKTeX 'babel' configuration
)
("C:\Program Files (x86)\MiKTeX 2.9\tex\generic\babel\english.ldf"
Language: english 2005/03/30 v3.3o English support from the babel system

("C:\Program Files (x86)\MiKTeX 2.9\tex\generic\babel\babel.def"
File: babel.def 2008/07/08 v3.8m Babel common definitions
\babel@savecnt=\count151
\U@D=\dimen151
)
\l@canadian = a dialect from \language\l@american 
\l@australian = a dialect from \language\l@british 
\l@newzealand = a dialect from \language\l@british 
)
("C:\Program Files (x86)\MiKTeX 2.9\tex\generic\babel\frenchb.ldf"
Language: frenchb 2009/03/16 v2.3d French support from the babel system
Package babel Info: Making : an active character on input line 120.
Package babel Info: Making ; an active character on input line 121.
Package babel Info: Making ! an active character on input line 122.
Package babel Info: Making ? an active character on input line 123.
\FB@Mht=\dimen152
\std@mcc=\count152
\dec@mcc=\count153
\parindentFFN=\dimen153

*************************************
* Local config file frenchb.cfg used
*
("C:\Program Files (x86)\MiKTeX 2.9\tex\generic\babel\frenchb.cfg"))
("C:\Program Files (x86)\MiKTeX 2.9\tex\generic\babel\spanish.ldf"
Language: spanish.ldf 2009/01/02 v5.0h Spanish support from the babel system
\es@datefmt=\count154
\es@quottoks=\toks23
\es@quotdepth=\count155
Package babel Info: Making " an active character on input line 492.
Package babel Info: Making . an active character on input line 585.
Package babel Info: Making < an active character on input line 630.
Package babel Info: Making > an active character on input line 630.
)
("C:\Program Files (x86)\MiKTeX 2.9\tex\generic\babel\portuges.ldf"
Language: portuges 2008/03/18 v1.2q Portuguese support from the babel system
\l@brazil = a dialect from \language\l@portuges 
Package babel Info: Making " an active character on input line 145.
))
("C:\Program Files (x86)\MiKTeX 2.9\tex\latex\carlisle\scalefnt.sty")
("C:\Program Files (x86)\MiKTeX 2.9\tex\latex\enumitem\enumitem.sty"
Package: enumitem 2011/09/28 v3.5.2 Customized lists
\labelindent=\skip186
\enit@outerparindent=\dimen154
\enit@toks=\toks24
\enit@inbox=\box29
\enitdp@description=\count156
)
("C:\Program Files (x86)\MiKTeX 2.9\tex\latex\tools\calc.sty"
Package: calc 2007/08/22 v4.3 Infix arithmetic (KKT,FJ)
\calc@Acount=\count157
\calc@Bcount=\count158
\calc@Adimen=\dimen155
\calc@Bdimen=\dimen156
\calc@Askip=\skip187
\calc@Bskip=\skip188
LaTeX Info: Redefining \setlength on input line 76.
LaTeX Info: Redefining \addtolength on input line 77.
\calc@Ccount=\count159
\calc@Cskip=\skip189
)

******************************************************
Stock height and width: 845.04684pt by 597.50787pt
Top and edge trims: 0pt and 0pt
Page height and width: 845.04684pt by 597.50787pt
Text height and width: 708pt by 455pt
Spine and edge margins: 85.35826pt and 56.9055pt
Upper and lower margins: 85.35826pt and 51.68858pt
Headheight and headsep: 14.5pt and 19.8738pt
Footskip: 30pt
Columnsep and columnseprule: 10pt and 0pt
Marginparsep and marginparwidth: 7pt and 42.9055pt
Sidecapsep and sidecapwidth: 7pt and 42pt
Sidebarhsep and sidebarwidth: 7pt and 42pt
Sidebarvsep and sidebartopsep: 14.5pt and 0pt
Sidebarheight: 590.14995pt
Sidefoothsep and sidefootwidth: 7pt and 42pt
Sidefootvsep and sidefootheight: 14.5pt and 590.14995pt
******************************************************

\c@abntex@bookmarkcounter=\count160
\cftlastnumwidth=\skip190
\chapternamenumlength=\skip191
\ABNTEXcitacaorecuo=\skip192
\c@alineasi=\count161
\c@alineasii=\count162
\enitdp@alineas=\count163
\c@subalineasi=\count164
\enitdp@subalineas=\count165
\c@incisosi=\count166
\enitdp@incisos=\count167
\ABNTEXsignwidth=\skip193
\ABNTEXsignthickness=\skip194
\ABNTEXsignskip=\skip195
) ("C:\Program Files (x86)\MiKTeX 2.9\tex\latex\cmap\cmap.sty"
Package: cmap 2008/03/06 v1.0h CMap support: searchable PDF
)
("C:\Program Files (x86)\MiKTeX 2.9\tex\latex\lm\lmodern.sty"
Package: lmodern 2009/10/30 v1.6 Latin Modern Fonts
LaTeX Font Info:    Overwriting symbol font `operators' in version `normal'
(Font)                  OT1/cmr/m/n --> OT1/lmr/m/n on input line 22.
LaTeX Font Info:    Overwriting symbol font `letters' in version `normal'
(Font)                  OML/cmm/m/it --> OML/lmm/m/it on input line 23.
LaTeX Font Info:    Overwriting symbol font `symbols' in version `normal'
(Font)                  OMS/cmsy/m/n --> OMS/lmsy/m/n on input line 24.
LaTeX Font Info:    Overwriting symbol font `largesymbols' in version `normal'
(Font)                  OMX/cmex/m/n --> OMX/lmex/m/n on input line 25.
LaTeX Font Info:    Overwriting symbol font `operators' in version `bold'
(Font)                  OT1/cmr/bx/n --> OT1/lmr/bx/n on input line 26.
LaTeX Font Info:    Overwriting symbol font `letters' in version `bold'
(Font)                  OML/cmm/b/it --> OML/lmm/b/it on input line 27.
LaTeX Font Info:    Overwriting symbol font `symbols' in version `bold'
(Font)                  OMS/cmsy/b/n --> OMS/lmsy/b/n on input line 28.
LaTeX Font Info:    Overwriting symbol font `largesymbols' in version `bold'
(Font)                  OMX/cmex/m/n --> OMX/lmex/m/n on input line 29.
LaTeX Font Info:    Overwriting math alphabet `\mathbf' in version `normal'
(Font)                  OT1/cmr/bx/n --> OT1/lmr/bx/n on input line 31.
LaTeX Font Info:    Overwriting math alphabet `\mathsf' in version `normal'
(Font)                  OT1/cmss/m/n --> OT1/lmss/m/n on input line 32.
LaTeX Font Info:    Overwriting math alphabet `\mathit' in version `normal'
(Font)                  OT1/cmr/m/it --> OT1/lmr/m/it on input line 33.
LaTeX Font Info:    Overwriting math alphabet `\mathtt' in version `normal'
(Font)                  OT1/cmtt/m/n --> OT1/lmtt/m/n on input line 34.
LaTeX Font Info:    Overwriting math alphabet `\mathbf' in version `bold'
(Font)                  OT1/cmr/bx/n --> OT1/lmr/bx/n on input line 35.
LaTeX Font Info:    Overwriting math alphabet `\mathsf' in version `bold'
(Font)                  OT1/cmss/bx/n --> OT1/lmss/bx/n on input line 36.
LaTeX Font Info:    Overwriting math alphabet `\mathit' in version `bold'
(Font)                  OT1/cmr/bx/it --> OT1/lmr/bx/it on input line 37.
LaTeX Font Info:    Overwriting math alphabet `\mathtt' in version `bold'
(Font)                  OT1/cmtt/m/n --> OT1/lmtt/m/n on input line 38.
)
("C:\Program Files (x86)\MiKTeX 2.9\tex\latex\base\fontenc.sty"
Package: fontenc 2005/09/27 v1.99g Standard LaTeX package

("C:\Program Files (x86)\MiKTeX 2.9\tex\latex\base\t1enc.def"
File: t1enc.def 2005/09/27 v1.99g Standard LaTeX file
LaTeX Font Info:    Redeclaring font encoding T1 on input line 43.
)<<t1.cmap>>)
("C:\Program Files (x86)\MiKTeX 2.9\tex\latex\base\inputenc.sty"
Package: inputenc 2008/03/30 v1.1d Input encoding file
\inpenc@prehook=\toks25
\inpenc@posthook=\toks26

("C:\Program Files (x86)\MiKTeX 2.9\tex\latex\base\utf8.def"
File: utf8.def 2008/04/05 v1.1m UTF-8 support for inputenc
Now handling font encoding OML ...
... no UTF-8 mapping file for font encoding OML
Now handling font encoding T1 ...
... processing UTF-8 mapping file for font encoding T1

("C:\Program Files (x86)\MiKTeX 2.9\tex\latex\base\t1enc.dfu"
File: t1enc.dfu 2008/04/05 v1.1m UTF-8 support for inputenc
   defining Unicode char U+00A1 (decimal 161)
   defining Unicode char U+00A3 (decimal 163)
   defining Unicode char U+00AB (decimal 171)
   defining Unicode char U+00BB (decimal 187)
   defining Unicode char U+00BF (decimal 191)
   defining Unicode char U+00C0 (decimal 192)
   defining Unicode char U+00C1 (decimal 193)
   defining Unicode char U+00C2 (decimal 194)
   defining Unicode char U+00C3 (decimal 195)
   defining Unicode char U+00C4 (decimal 196)
   defining Unicode char U+00C5 (decimal 197)
   defining Unicode char U+00C6 (decimal 198)
   defining Unicode char U+00C7 (decimal 199)
   defining Unicode char U+00C8 (decimal 200)
   defining Unicode char U+00C9 (decimal 201)
   defining Unicode char U+00CA (decimal 202)
   defining Unicode char U+00CB (decimal 203)
   defining Unicode char U+00CC (decimal 204)
   defining Unicode char U+00CD (decimal 205)
   defining Unicode char U+00CE (decimal 206)
   defining Unicode char U+00CF (decimal 207)
   defining Unicode char U+00D0 (decimal 208)
   defining Unicode char U+00D1 (decimal 209)
   defining Unicode char U+00D2 (decimal 210)
   defining Unicode char U+00D3 (decimal 211)
   defining Unicode char U+00D4 (decimal 212)
   defining Unicode char U+00D5 (decimal 213)
   defining Unicode char U+00D6 (decimal 214)
   defining Unicode char U+00D8 (decimal 216)
   defining Unicode char U+00D9 (decimal 217)
   defining Unicode char U+00DA (decimal 218)
   defining Unicode char U+00DB (decimal 219)
   defining Unicode char U+00DC (decimal 220)
   defining Unicode char U+00DD (decimal 221)
   defining Unicode char U+00DE (decimal 222)
   defining Unicode char U+00DF (decimal 223)
   defining Unicode char U+00E0 (decimal 224)
   defining Unicode char U+00E1 (decimal 225)
   defining Unicode char U+00E2 (decimal 226)
   defining Unicode char U+00E3 (decimal 227)
   defining Unicode char U+00E4 (decimal 228)
   defining Unicode char U+00E5 (decimal 229)
   defining Unicode char U+00E6 (decimal 230)
   defining Unicode char U+00E7 (decimal 231)
   defining Unicode char U+00E8 (decimal 232)
   defining Unicode char U+00E9 (decimal 233)
   defining Unicode char U+00EA (decimal 234)
   defining Unicode char U+00EB (decimal 235)
   defining Unicode char U+00EC (decimal 236)
   defining Unicode char U+00ED (decimal 237)
   defining Unicode char U+00EE (decimal 238)
   defining Unicode char U+00EF (decimal 239)
   defining Unicode char U+00F0 (decimal 240)
   defining Unicode char U+00F1 (decimal 241)
   defining Unicode char U+00F2 (decimal 242)
   defining Unicode char U+00F3 (decimal 243)
   defining Unicode char U+00F4 (decimal 244)
   defining Unicode char U+00F5 (decimal 245)
   defining Unicode char U+00F6 (decimal 246)
   defining Unicode char U+00F8 (decimal 248)
   defining Unicode char U+00F9 (decimal 249)
   defining Unicode char U+00FA (decimal 250)
   defining Unicode char U+00FB (decimal 251)
   defining Unicode char U+00FC (decimal 252)
   defining Unicode char U+00FD (decimal 253)
   defining Unicode char U+00FE (decimal 254)
   defining Unicode char U+00FF (decimal 255)
   defining Unicode char U+0102 (decimal 258)
   defining Unicode char U+0103 (decimal 259)
   defining Unicode char U+0104 (decimal 260)
   defining Unicode char U+0105 (decimal 261)
   defining Unicode char U+0106 (decimal 262)
   defining Unicode char U+0107 (decimal 263)
   defining Unicode char U+010C (decimal 268)
   defining Unicode char U+010D (decimal 269)
   defining Unicode char U+010E (decimal 270)
   defining Unicode char U+010F (decimal 271)
   defining Unicode char U+0110 (decimal 272)
   defining Unicode char U+0111 (decimal 273)
   defining Unicode char U+0118 (decimal 280)
   defining Unicode char U+0119 (decimal 281)
   defining Unicode char U+011A (decimal 282)
   defining Unicode char U+011B (decimal 283)
   defining Unicode char U+011E (decimal 286)
   defining Unicode char U+011F (decimal 287)
   defining Unicode char U+0130 (decimal 304)
   defining Unicode char U+0131 (decimal 305)
   defining Unicode char U+0132 (decimal 306)
   defining Unicode char U+0133 (decimal 307)
   defining Unicode char U+0139 (decimal 313)
   defining Unicode char U+013A (decimal 314)
   defining Unicode char U+013D (decimal 317)
   defining Unicode char U+013E (decimal 318)
   defining Unicode char U+0141 (decimal 321)
   defining Unicode char U+0142 (decimal 322)
   defining Unicode char U+0143 (decimal 323)
   defining Unicode char U+0144 (decimal 324)
   defining Unicode char U+0147 (decimal 327)
   defining Unicode char U+0148 (decimal 328)
   defining Unicode char U+014A (decimal 330)
   defining Unicode char U+014B (decimal 331)
   defining Unicode char U+0150 (decimal 336)
   defining Unicode char U+0151 (decimal 337)
   defining Unicode char U+0152 (decimal 338)
   defining Unicode char U+0153 (decimal 339)
   defining Unicode char U+0154 (decimal 340)
   defining Unicode char U+0155 (decimal 341)
   defining Unicode char U+0158 (decimal 344)
   defining Unicode char U+0159 (decimal 345)
   defining Unicode char U+015A (decimal 346)
   defining Unicode char U+015B (decimal 347)
   defining Unicode char U+015E (decimal 350)
   defining Unicode char U+015F (decimal 351)
   defining Unicode char U+0160 (decimal 352)
   defining Unicode char U+0161 (decimal 353)
   defining Unicode char U+0162 (decimal 354)
   defining Unicode char U+0163 (decimal 355)
   defining Unicode char U+0164 (decimal 356)
   defining Unicode char U+0165 (decimal 357)
   defining Unicode char U+016E (decimal 366)
   defining Unicode char U+016F (decimal 367)
   defining Unicode char U+0170 (decimal 368)
   defining Unicode char U+0171 (decimal 369)
   defining Unicode char U+0178 (decimal 376)
   defining Unicode char U+0179 (decimal 377)
   defining Unicode char U+017A (decimal 378)
   defining Unicode char U+017B (decimal 379)
   defining Unicode char U+017C (decimal 380)
   defining Unicode char U+017D (decimal 381)
   defining Unicode char U+017E (decimal 382)
   defining Unicode char U+200C (decimal 8204)
   defining Unicode char U+2013 (decimal 8211)
   defining Unicode char U+2014 (decimal 8212)
   defining Unicode char U+2018 (decimal 8216)
   defining Unicode char U+2019 (decimal 8217)
   defining Unicode char U+201A (decimal 8218)
   defining Unicode char U+201C (decimal 8220)
   defining Unicode char U+201D (decimal 8221)
   defining Unicode char U+201E (decimal 8222)
   defining Unicode char U+2030 (decimal 8240)
   defining Unicode char U+2031 (decimal 8241)
   defining Unicode char U+2039 (decimal 8249)
   defining Unicode char U+203A (decimal 8250)
   defining Unicode char U+2423 (decimal 9251)
)
Now handling font encoding OT1 ...
... processing UTF-8 mapping file for font encoding OT1

("C:\Program Files (x86)\MiKTeX 2.9\tex\latex\base\ot1enc.dfu"
File: ot1enc.dfu 2008/04/05 v1.1m UTF-8 support for inputenc
   defining Unicode char U+00A1 (decimal 161)
   defining Unicode char U+00A3 (decimal 163)
   defining Unicode char U+00B8 (decimal 184)
   defining Unicode char U+00BF (decimal 191)
   defining Unicode char U+00C5 (decimal 197)
   defining Unicode char U+00C6 (decimal 198)
   defining Unicode char U+00D8 (decimal 216)
   defining Unicode char U+00DF (decimal 223)
   defining Unicode char U+00E6 (decimal 230)
   defining Unicode char U+00EC (decimal 236)
   defining Unicode char U+00ED (decimal 237)
   defining Unicode char U+00EE (decimal 238)
   defining Unicode char U+00EF (decimal 239)
   defining Unicode char U+00F8 (decimal 248)
   defining Unicode char U+0131 (decimal 305)
   defining Unicode char U+0141 (decimal 321)
   defining Unicode char U+0142 (decimal 322)
   defining Unicode char U+0152 (decimal 338)
   defining Unicode char U+0153 (decimal 339)
   defining Unicode char U+2013 (decimal 8211)
   defining Unicode char U+2014 (decimal 8212)
   defining Unicode char U+2018 (decimal 8216)
   defining Unicode char U+2019 (decimal 8217)
   defining Unicode char U+201C (decimal 8220)
   defining Unicode char U+201D (decimal 8221)
)
Now handling font encoding OMS ...
... processing UTF-8 mapping file for font encoding OMS

("C:\Program Files (x86)\MiKTeX 2.9\tex\latex\base\omsenc.dfu"
File: omsenc.dfu 2008/04/05 v1.1m UTF-8 support for inputenc
   defining Unicode char U+00A7 (decimal 167)
   defining Unicode char U+00B6 (decimal 182)
   defining Unicode char U+00B7 (decimal 183)
   defining Unicode char U+2020 (decimal 8224)
   defining Unicode char U+2021 (decimal 8225)
   defining Unicode char U+2022 (decimal 8226)
)
Now handling font encoding OMX ...
... no UTF-8 mapping file for font encoding OMX
Now handling font encoding U ...
... no UTF-8 mapping file for font encoding U
Now handling font encoding PD1 ...
... no UTF-8 mapping file for font encoding PD1
   defining Unicode char U+00A9 (decimal 169)
   defining Unicode char U+00AA (decimal 170)
   defining Unicode char U+00AE (decimal 174)
   defining Unicode char U+00BA (decimal 186)
   defining Unicode char U+02C6 (decimal 710)
   defining Unicode char U+02DC (decimal 732)
   defining Unicode char U+200C (decimal 8204)
   defining Unicode char U+2026 (decimal 8230)
   defining Unicode char U+2122 (decimal 8482)
   defining Unicode char U+2423 (decimal 9251)
))
("C:\Program Files (x86)\MiKTeX 2.9\tex\latex\lastpage\lastpage.sty"
Package: lastpage 2013/01/28 v1.2l Refers to last page's name (HMM; JPG)
)
("C:\Program Files (x86)\MiKTeX 2.9\tex\latex\tools\indentfirst.sty"
Package: indentfirst 1995/11/23 v1.03 Indent first paragraph (DPC)
)
("C:\Program Files (x86)\MiKTeX 2.9\tex\latex\oberdiek\pdflscape.sty"
Package: pdflscape 2008/08/11 v0.10 Display of landscape pages in PDF (HO)

("C:\Program Files (x86)\MiKTeX 2.9\tex\latex\graphics\lscape.sty"
Package: lscape 2000/10/22 v3.01 Landscape Pages (DPC)

("C:\Program Files (x86)\MiKTeX 2.9\tex\latex\graphics\graphics.sty"
Package: graphics 2009/02/05 v1.0o Standard LaTeX Graphics (DPC,SPQR)

("C:\Program Files (x86)\MiKTeX 2.9\tex\latex\graphics\trig.sty"
Package: trig 1999/03/16 v1.09 sin cos tan (DPC)
)
("C:\Program Files (x86)\MiKTeX 2.9\tex\latex\00miktex\graphics.cfg"
File: graphics.cfg 2007/01/18 v1.5 graphics configuration of teTeX/TeXLive
)
Package graphics Info: Driver file: pdftex.def on input line 91.

("C:\Program Files (x86)\MiKTeX 2.9\tex\latex\pdftex-def\pdftex.def"
File: pdftex.def 2011/05/27 v0.06d Graphics/color for pdfTeX
\Gread@gobject=\count168
)))
Package pdflscape Info: Auto-detected driver: pdftex on input line 80.
)
("C:\Program Files (x86)\MiKTeX 2.9\tex\latex\graphics\color.sty"
Package: color 2005/11/14 v1.0j Standard LaTeX Color (DPC)

("C:\Program Files (x86)\MiKTeX 2.9\tex\latex\00miktex\color.cfg"
File: color.cfg 2007/01/18 v1.5 color configuration of teTeX/TeXLive
)
Package color Info: Driver file: pdftex.def on input line 130.
)
("C:\Program Files (x86)\MiKTeX 2.9\tex\latex\graphics\graphicx.sty"
Package: graphicx 1999/02/16 v1.0f Enhanced LaTeX Graphics (DPC,SPQR)
\Gin@req@height=\dimen157
\Gin@req@width=\dimen158
)
("C:\Program Files (x86)\MiKTeX 2.9\tex\latex\units\units.sty"
Package: units 1998/08/04 v0.9b Typesetting units

("C:\Program Files (x86)\MiKTeX 2.9\tex\latex\units\nicefrac.sty"
Package: nicefrac 1998/08/04 v0.9b Nice fractions
\L@UnitsRaiseDisplaystyle=\skip196
\L@UnitsRaiseTextstyle=\skip197
\L@UnitsRaiseScriptstyle=\skip198
))
("C:\Program Files (x86)\MiKTeX 2.9\tex\latex\hyperref\backref.sty"
Package: backref 2012/07/25 v1.38 Bibliographical back referencing
)
("C:\Program Files (x86)\MiKTeX 2.9\tex\latex\abntex2\abntex2cite.sty"
Package: abntex2cite 2014/01/26 v1.9.2 abnTeX2

("C:\Program Files (x86)\MiKTeX 2.9\tex\latex\abntex2\abntex2abrev.sty")
\minimumbiblabelwidth=\skip199
\ABCIauxlen=\skip200
\c@ABCIaux=\count169
\c@ABCImax=\count170

("C:\Program Files (x86)\MiKTeX 2.9\tex\latex\ltxmisc\relsize.sty"
Package: relsize 2003/07/04 ver 3.1
)
\biblabelsep=\skip201
LaTeX Info: Redefining \newblock on input line 675.
LaTeX Info: Redefining \cite on input line 702.
\ABCItoken=\toks27
)
("C:\Program Files (x86)\MiKTeX 2.9\tex\latex\bold-extra\bold-extra.sty"
Package: bold-extra 2001/11/13 v0.1 Use fonts from cm/mf-extra/bold
)
("C:\Program Files (x86)\MiKTeX 2.9\tex\latex\eso-pic\eso-pic.sty"
Package: eso-pic 2013/10/06 v2.0d eso-pic (RN)
))
("C:\Program Files (x86)\MiKTeX 2.9\tex\latex\subfig\subfig.sty"
Package: subfig 2005/06/28 ver: 1.3 subfig package


Class memoir Warning: You are using the caption package with the memoir class. 
To prepare we will now reset all captioning macros and configurations to kernel
 defaults, and then let the caption package take over. Please remember to use t
he caption package interfaces in order to configure your captions. .

("C:\Program Files (x86)\MiKTeX 2.9\tex\latex\caption\caption.sty"
Package: caption 2013/05/02 v3.3-89 Customizing captions (AR)

("C:\Program Files (x86)\MiKTeX 2.9\tex\latex\caption\caption3.sty"
Package: caption3 2013/05/02 v1.6-88 caption3 kernel (AR)
Package caption3 Info: TeX engine: e-TeX on input line 57.
\captionmargin=\dimen159
\captionmargin@=\dimen160
\captionwidth=\dimen161
\caption@tempdima=\dimen162
\caption@indent=\dimen163
\caption@parindent=\dimen164
\caption@hangindent=\dimen165
)
\c@ContinuedFloat=\count171
Package caption Info: hyperref package is loaded.
)
\c@KVtest=\count172
\sf@farskip=\skip202
\sf@captopadj=\dimen166
\sf@capskip=\skip203
\sf@nearskip=\skip204
\c@subfigure=\count173
\c@subfigure@save=\count174
\c@subtable=\count175
\c@subtable@save=\count176
\sf@top=\skip205
\sf@bottom=\skip206
)
(C:\Users\Augusto\Documents\GitHub\Relatorio-IHC\headers/comandos.tex)
(C:\Users\Augusto\Documents\GitHub\Relatorio-IHC\source/informacoes.tex)
(C:\Users\Augusto\Documents\GitHub\Relatorio-IHC\headers/setup.tex
Package color Info: Redefining color black on input line 1.
Package hyperref Info: Option `colorlinks' set `true' on input line 13.
)
\relatorio_IHC@idxfile=\write4

Writing index file relatorio_IHC.idx 
(C:\Users\Augusto\Documents\GitHub\Relatorio-IHC\relatorio_IHC.aux

LaTeX Warning: Label `tab:versionamento_tabl' multiply defined.


LaTeX Warning: Label `sec:metasUsabilidade_eficiencia' multiply defined.


LaTeX Warning: Label `sec:metasUsabilidade_eficiencia' multiply defined.


LaTeX Warning: Label `fig:metas_Experiencia_Usuario' multiply defined.


LaTeX Warning: Label `fig03-1int' multiply defined.


LaTeX Warning: Label `fig03-1int' multiply defined.


LaTeX Warning: Label `fig:logo2' multiply defined.


LaTeX Warning: Label `tab:segundaAvaliacao_tables' multiply defined.


LaTeX Warning: Label `tab:terceiraAvaliacao2_tables' multiply defined.


LaTeX Warning: Label `tab:terceiraAvaliacao2_tables' multiply defined.


LaTeX Warning: Label `sec:ferramentas_bitStrips' multiply defined.


LaTeX Warning: Label `fig:tc1' multiply defined.


LaTeX Warning: Label `fig:tc1' multiply defined.


LaTeX Warning: Label `fig:tc1' multiply defined.


LaTeX Warning: Label `fig:tc1' multiply defined.


LaTeX Warning: Label `fig:tc1' multiply defined.


LaTeX Warning: Label `fig:tc1' multiply defined.


LaTeX Warning: Label `fig:tc1' multiply defined.


LaTeX Warning: Label `fig:tc1' multiply defined.


LaTeX Warning: Label `fig:tc1' multiply defined.


LaTeX Warning: Label `fig:tc1' multiply defined.


LaTeX Warning: Label `fig:tc1' multiply defined.


LaTeX Warning: Label `fig:tc1' multiply defined.


LaTeX Warning: Label `fig:tc1' multiply defined.


LaTeX Warning: Label `fig:tc1' multiply defined.

)
LaTeX Font Info:    Checking defaults for OML/cmm/m/it on input line 7.
LaTeX Font Info:    ... okay on input line 7.
LaTeX Font Info:    Checking defaults for T1/cmr/m/n on input line 7.
LaTeX Font Info:    ... okay on input line 7.
LaTeX Font Info:    Checking defaults for OT1/cmr/m/n on input line 7.
LaTeX Font Info:    ... okay on input line 7.
LaTeX Font Info:    Checking defaults for OMS/cmsy/m/n on input line 7.
LaTeX Font Info:    ... okay on input line 7.
LaTeX Font Info:    Checking defaults for OMX/cmex/m/n on input line 7.
LaTeX Font Info:    ... okay on input line 7.
LaTeX Font Info:    Checking defaults for U/cmr/m/n on input line 7.
LaTeX Font Info:    ... okay on input line 7.
LaTeX Font Info:    Checking defaults for PD1/pdf/m/n on input line 7.
LaTeX Font Info:    ... okay on input line 7.
LaTeX Font Info:    Try loading font information for T1+lmr on input line 7.
 ("C:\Program Files (x86)\MiKTeX 2.9\tex\latex\lm\t1lmr.fd"
File: t1lmr.fd 2009/10/30 v1.6 Font defs for Latin Modern
)
\AtBeginShipoutBox=\box30
Package hyperref Info: Link coloring ON on input line 7.

("C:\Program Files (x86)\MiKTeX 2.9\tex\latex\hyperref\nameref.sty"
Package: nameref 2012/10/27 v2.43 Cross-referencing by name of section

("C:\Program Files (x86)\MiKTeX 2.9\tex\generic\oberdiek\gettitlestring.sty"
Package: gettitlestring 2010/12/03 v1.4 Cleanup title references (HO)
)
\c@section@level=\count177
)
Redoing nameref's sectioning
Redoing nameref's label
LaTeX Info: Redefining \nameref on input line 7.
LaTeX Info: Redefining \ref on input line 7.
LaTeX Info: Redefining \pageref on input line 7.
LaTeX Info: Redefining \nameref on input line 7.
LaTeX Info: Redefining \degres on input line 7.
LaTeX Info: Redefining \dots on input line 7.
LaTeX Info: Redefining \up on input line 7.
\myptabbox=\box31
\myptabboxwidth=\skip207
Package lastpage Info: Please have a look at the pageslts package at
(lastpage)             http://www.ctan.org/tex-archive/ 
(lastpage)             macros/latex/contrib/pageslts/ 
(lastpage)             or
(lastpage)             http://www.ctan.org/tex-archive/ 
(lastpage)             install/macros/latex/contrib/pageslts.tds.zip
(lastpage)             ! on input line 7.
("C:\Program Files (x86)\MiKTeX 2.9\tex\context\base\supp-pdf.mkii"
[Loading MPS to PDF converter (version 2006.09.02).]
\scratchcounter=\count178
\scratchdimen=\dimen167
\scratchbox=\box32
\nofMPsegments=\count179
\nofMParguments=\count180
\everyMPshowfont=\toks28
\MPscratchCnt=\count181
\MPscratchDim=\dimen168
\MPnumerator=\count182
\makeMPintoPDFobject=\count183
\everyMPtoPDFconversion=\toks29
)
Package caption Info: Begin \AtBeginDocument code.
Package caption Info: subfig package v1.3 is loaded.
Package caption Info: End \AtBeginDocument code.
LaTeX Font Info:    Try loading font information for T1+lmss on input line 11.
 ("C:\Program Files (x86)\MiKTeX 2.9\tex\latex\lm\t1lmss.fd"
File: t1lmss.fd 2009/10/30 v1.6 Font defs for Latin Modern
)
<resource/capa.pdf, id=4, 814.04124pt x 1150.2975pt>
File: resource/capa.pdf Graphic file (type pdf)
 <use resource/capa.pdf>
Package pdftex.def Info: resource/capa.pdf used on input line 11.
(pdftex.def)             Requested size: 597.52437pt x 844.34396pt.

[1

{C:/ProgramData/MiKTeX/2.9/pdftex/config/pdftex.map} <C:/Users/Augusto/Document
s/GitHub/Relatorio-IHC/resource/capa.pdf>]
LaTeX Font Info:    Try loading font information for OT1+lmr on input line 14.

("C:\Program Files (x86)\MiKTeX 2.9\tex\latex\lm\ot1lmr.fd"
File: ot1lmr.fd 2009/10/30 v1.6 Font defs for Latin Modern
)<<ot1.cmap>>
LaTeX Font Info:    Try loading font information for OML+lmm on input line 14.

("C:\Program Files (x86)\MiKTeX 2.9\tex\latex\lm\omllmm.fd"
File: omllmm.fd 2009/10/30 v1.6 Font defs for Latin Modern
)<<oml.cmap>>
LaTeX Font Info:    Try loading font information for OMS+lmsy on input line 14.


("C:\Program Files (x86)\MiKTeX 2.9\tex\latex\lm\omslmsy.fd"
File: omslmsy.fd 2009/10/30 v1.6 Font defs for Latin Modern
)<<oms.cmap>>
LaTeX Font Info:    Try loading font information for OMX+lmex on input line 14.


("C:\Program Files (x86)\MiKTeX 2.9\tex\latex\lm\omxlmex.fd"
File: omxlmex.fd 2009/10/30 v1.6 Font defs for Latin Modern
)
LaTeX Font Info:    External font `lmex10' loaded for size
(Font)              <12> on input line 14.
<<omx.cmap>>
LaTeX Font Info:    External font `lmex10' loaded for size
(Font)              <8> on input line 14.
LaTeX Font Info:    External font `lmex10' loaded for size
(Font)              <6> on input line 14.
pdfTeX warning (ext4): destination with the same identifier (name{page.1}) has 
been already used, duplicate ignored
<to be read again> 
                   \relax 
l.14 
      [1



]
(C:\Users\Augusto\Documents\GitHub\Relatorio-IHC\headers/indiceAutomatico.tex
(C:\Users\Augusto\Documents\GitHub\Relatorio-IHC\relatorio_IHC.toc [2

]
LaTeX Font Info:    External font `lmex10' loaded for size
(Font)              <10> on input line 62.
LaTeX Font Info:    External font `lmex10' loaded for size
(Font)              <7> on input line 62.
LaTeX Font Info:    External font `lmex10' loaded for size
(Font)              <5> on input line 62.
)
[3] [4])
(C:\Users\Augusto\Documents\GitHub\Relatorio-IHC\headers/listasAutomaticas.tex
(C:\Users\Augusto\Documents\GitHub\Relatorio-IHC\relatorio_IHC.lof) [5

]
(C:\Users\Augusto\Documents\GitHub\Relatorio-IHC\relatorio_IHC.lot) [6

])
(C:\Users\Augusto\Documents\GitHub\Relatorio-IHC\source/resumo.tex)
(C:\Users\Augusto\Documents\GitHub\Relatorio-IHC\source/versionamento.tex
[7


]
Underfull \hbox (badness 1005) in paragraph at lines 17--17
\T1/lmr/m/n/12 for-ma-ção da ava-li-a-ção do
 []


Underfull \hbox (badness 1442) in paragraph at lines 17--17
\T1/lmr/m/n/12 pro-tó-tipo de baixa fi-de-li-
 []


Underfull \hbox (badness 4132) in paragraph at lines 19--19
[]|\T1/lmr/m/n/12 Inserção dos ob-je-ti-vos e
 []


Underfull \hbox (badness 10000) in paragraph at lines 19--19
\T1/lmr/m/n/12 in-for-ma-ções acerca da
 []


Underfull \hbox (badness 2096) in paragraph at lines 19--19
\T1/lmr/m/n/12 se-gunda ava-li-a-ção com o
 []


Underfull \hbox (badness 10000) in paragraph at lines 19--19
[]|\T1/lmr/m/n/12 Augusto Mo-desto e
 []


Underfull \hbox (badness 8019) in paragraph at lines 21--21
[]|\T1/lmr/m/n/12 Revisão das in-for-ma-ções
 []


Underfull \hbox (badness 5022) in paragraph at lines 25--25
[]|\T1/lmr/m/n/12 Inserção das in-for-ma-ções
 []


Underfull \hbox (badness 5022) in paragraph at lines 27--27
[]|\T1/lmr/m/n/12 Inserção das in-for-ma-ções
 []

) (C:\Users\Augusto\Documents\GitHub\Relatorio-IHC\source/cronograma.tex
[8

]
Underfull \hbox (badness 10000) in paragraph at lines 31--31
[]|\T1/lmr/m/n/12 Augusto e
 []

) (C:\Users\Augusto\Documents\GitHub\Relatorio-IHC\source/repositorio.tex
[9

]
Overfull \hbox (17.46895pt too wide) in paragraph at lines 6--9
[][]$\T1/lmr/m/n/12 <[]https : / / drive . google . com / ?authuser = 0 # folde
rs / 0B9RyeWZ5MQ2RVkluVmhmb3IzTUE>[]$[][]. 
 []

) (C:\Users\Augusto\Documents\GitHub\Relatorio-IHC\source/introducao.tex
[10

]
LaTeX Font Info:    Try loading font information for OMS+lmr on input line 16.
 ("C:\Program Files (x86)\MiKTeX 2.9\tex\latex\lm\omslmr.fd"
File: omslmr.fd 2009/10/30 v1.6 Font defs for Latin Modern
)
LaTeX Font Info:    Font shape `OMS/lmr/m/n' in size <12> not available
(Font)              Font shape `OMS/lmsy/m/n' tried instead on input line 16.
 [11

])
(C:\Users\Augusto\Documents\GitHub\Relatorio-IHC\source/metasUsabilidade.tex
[12] [13

])
(C:\Users\Augusto\Documents\GitHub\Relatorio-IHC\source/metasExperienciaUsuario
.tex [14]
Underfull \hbox (badness 3039) in paragraph at lines 1--1
[]\T1/lmss/m/n/24.88 Metas De-cor-ren-tes da Ex-pe-ri-ên-cia do
 []

<resource/metas_Experiencia_Usuario.png, id=312, 603.0028pt x 464.4853pt>
File: resource/metas_Experiencia_Usuario.png Graphic file (type png)

<use resource/metas_Experiencia_Usuario.png>
Package pdftex.def Info: resource/metas_Experiencia_Usuario.png used on input l
ine 10.
(pdftex.def)             Requested size: 361.80447pt x 278.69333pt.
)
(C:\Users\Augusto\Documents\GitHub\Relatorio-IHC\source/storyBoard.tex [15

 <C:/Users/Augusto/Documents/GitHub/Relatorio-IHC/resource/metas_Experiencia_Us
uario.png>] [16

] <resource/story_board.png, id=326, 718.685pt x 1059.96pt>
File: resource/story_board.png Graphic file (type png)

<use resource/story_board.png>
Package pdftex.def Info: resource/story_board.png used on input line 14.
(pdftex.def)             Requested size: 431.21432pt x 635.98091pt.


LaTeX Warning: `h' float specifier changed to `ht'.

) (C:\Users\Augusto\Documents\GitHub\Relatorio-IHC\source/prototipos.tex
[17 <C:/Users/Augusto/Documents/GitHub/Relatorio-IHC/resource/story_board.png (
PNG copy)>] [18

] <resource/papel1.png, id=339, 220.57407pt x 294.34969pt>
File: resource/papel1.png Graphic file (type png)

<use resource/papel1.png>
Package pdftex.def Info: resource/papel1.png used on input line 22.
(pdftex.def)             Requested size: 142.27086pt x 199.17151pt.

<resource/papel2.png, id=340, 211.54031pt x 253.69781pt>
File: resource/papel2.png Graphic file (type png)

<use resource/papel2.png>
Package pdftex.def Info: resource/papel2.png used on input line 27.
(pdftex.def)             Requested size: 142.26707pt x 199.17644pt.

<resource/papel3.png, id=341, 200.24812pt x 278.54062pt>
File: resource/papel3.png Graphic file (type png)

<use resource/papel3.png>
Package pdftex.def Info: resource/papel3.png used on input line 32.
(pdftex.def)             Requested size: 142.27188pt x 199.17203pt.

<resource/papel4.png, id=342, 217.5628pt x 293.59688pt>
File: resource/papel4.png Graphic file (type png)

<use resource/papel4.png>
Package pdftex.def Info: resource/papel4.png used on input line 37.
(pdftex.def)             Requested size: 142.27063pt x 199.16835pt.

<resource/papel5.png, id=343, 207.02344pt x 306.39468pt>
File: resource/papel5.png Graphic file (type png)

<use resource/papel5.png>
Package pdftex.def Info: resource/papel5.png used on input line 42.
(pdftex.def)             Requested size: 142.26823pt x 199.16821pt.

<resource/papel7.png, id=344, 207.02344pt x 280.04625pt>
File: resource/papel7.png Graphic file (type png)

<use resource/papel7.png>
Package pdftex.def Info: resource/papel7.png used on input line 47.
(pdftex.def)             Requested size: 142.26823pt x 199.17607pt.

<resource/papel8.png, id=345, 216.05719pt x 187.45032pt>
File: resource/papel8.png Graphic file (type png)

<use resource/papel8.png>
Package pdftex.def Info: resource/papel8.png used on input line 52.
(pdftex.def)             Requested size: 227.63156pt x 199.17975pt.


LaTeX Warning: Float too large for page by 20.85617pt on input line 55.

[19 <C:/Users/Augusto/Documents/GitHub/Relatorio-IHC/resource/papel1.png> <C:/U
sers/Augusto/Documents/GitHub/Relatorio-IHC/resource/papel2.png> <C:/Users/Augu
sto/Documents/GitHub/Relatorio-IHC/resource/papel3.png> <C:/Users/Augusto/Docum
ents/GitHub/Relatorio-IHC/resource/papel4.png> <C:/Users/Augusto/Documents/GitH
ub/Relatorio-IHC/resource/papel5.png> <C:/Users/Augusto/Documents/GitHub/Relato
rio-IHC/resource/papel7.png> <C:/Users/Augusto/Documents/GitHub/Relatorio-IHC/r
esource/papel8.png>] [20


]
<resource/baixa1.png, id=361, 283.0575pt x 456.95718pt>
File: resource/baixa1.png Graphic file (type png)

<use resource/baixa1.png>
Package pdftex.def Info: resource/baixa1.png used on input line 76.
(pdftex.def)             Requested size: 142.26695pt x 199.16522pt.

<resource/baixa2.png, id=362, 283.0575pt x 456.95718pt>
File: resource/baixa2.png Graphic file (type png)

<use resource/baixa2.png>
Package pdftex.def Info: resource/baixa2.png used on input line 81.
(pdftex.def)             Requested size: 142.26695pt x 199.16522pt.

<resource/baixa3.png, id=363, 283.0575pt x 456.95718pt>
File: resource/baixa3.png Graphic file (type png)

<use resource/baixa3.png>
Package pdftex.def Info: resource/baixa3.png used on input line 86.
(pdftex.def)             Requested size: 142.26695pt x 199.16522pt.

<resource/baixa4.png, id=364, 283.0575pt x 458.46281pt>
File: resource/baixa4.png Graphic file (type png)

<use resource/baixa4.png>
Package pdftex.def Info: resource/baixa4.png used on input line 91.
(pdftex.def)             Requested size: 142.26695pt x 199.17087pt.

<resource/baixa5.png, id=365, 283.0575pt x 458.46281pt>
File: resource/baixa5.png Graphic file (type png)

<use resource/baixa5.png>
Package pdftex.def Info: resource/baixa5.png used on input line 96.
(pdftex.def)             Requested size: 122.34724pt x 199.17087pt.

<resource/baixa6.png, id=366, 277.78781pt x 458.46281pt>
File: resource/baixa6.png Graphic file (type png)

<use resource/baixa6.png>
Package pdftex.def Info: resource/baixa6.png used on input line 101.
(pdftex.def)             Requested size: 122.34569pt x 199.17087pt.

<resource/baixa7.png, id=367, 277.78781pt x 458.46281pt>
File: resource/baixa7.png Graphic file (type png)

<use resource/baixa7.png>
Package pdftex.def Info: resource/baixa7.png used on input line 106.
(pdftex.def)             Requested size: 122.34569pt x 199.17087pt.

<resource/baixa8.png, id=368, 277.78781pt x 459.96844pt>
File: resource/baixa8.png Graphic file (type png)

<use resource/baixa8.png>
Package pdftex.def Info: resource/baixa8.png used on input line 111.
(pdftex.def)             Requested size: 122.34569pt x 199.17224pt.

<resource/baixa9.png, id=369, 274.77657pt x 454.69875pt>
File: resource/baixa9.png Graphic file (type png)

<use resource/baixa9.png>
Package pdftex.def Info: resource/baixa9.png used on input line 116.
(pdftex.def)             Requested size: 122.34436pt x 199.17303pt.


LaTeX Warning: Float too large for page by 20.84389pt on input line 119.

[21 <C:/Users/Augusto/Documents/GitHub/Relatorio-IHC/resource/baixa1.png> <C:/U
sers/Augusto/Documents/GitHub/Relatorio-IHC/resource/baixa2.png> <C:/Users/Augu
sto/Documents/GitHub/Relatorio-IHC/resource/baixa3.png> <C:/Users/Augusto/Docum
ents/GitHub/Relatorio-IHC/resource/baixa4.png> <C:/Users/Augusto/Documents/GitH
ub/Relatorio-IHC/resource/baixa5.png> <C:/Users/Augusto/Documents/GitHub/Relato
rio-IHC/resource/baixa6.png> <C:/Users/Augusto/Documents/GitHub/Relatorio-IHC/r
esource/baixa7.png> <C:/Users/Augusto/Documents/GitHub/Relatorio-IHC/resource/b
aixa8.png> <C:/Users/Augusto/Documents/GitHub/Relatorio-IHC/resource/baixa9.png
>] [22


] <resource/parteI.png, id=390, 467.7475pt x 748.7975pt>
File: resource/parteI.png Graphic file (type png)

<use resource/parteI.png>
Package pdftex.def Info: resource/parteI.png used on input line 144.
(pdftex.def)             Requested size: 142.26665pt x 227.6231pt.

<resource/parteII.png, id=391, 467.7475pt x 748.7975pt>
File: resource/parteII.png Graphic file (type png)

<use resource/parteII.png>
Package pdftex.def Info: resource/parteII.png used on input line 149.
(pdftex.def)             Requested size: 142.26665pt x 227.6231pt.

<resource/parteIII.png, id=392, 467.7475pt x 748.7975pt>
File: resource/parteIII.png Graphic file (type png)

<use resource/parteIII.png>
Package pdftex.def Info: resource/parteIII.png used on input line 154.
(pdftex.def)             Requested size: 142.26665pt x 227.6231pt.

<resource/parteIV.png, id=393, 467.7475pt x 748.7975pt>
File: resource/parteIV.png Graphic file (type png)

<use resource/parteIV.png>
Package pdftex.def Info: resource/parteIV.png used on input line 159.
(pdftex.def)             Requested size: 142.26665pt x 227.6231pt.

<resource/parteV.png, id=394, 467.7475pt x 748.7975pt>
File: resource/parteV.png Graphic file (type png)

<use resource/parteV.png>
Package pdftex.def Info: resource/parteV.png used on input line 169.
(pdftex.def)             Requested size: 142.26665pt x 199.17307pt.

<resource/parteVI.png, id=395, 467.7475pt x 748.7975pt>
File: resource/parteVI.png Graphic file (type png)

<use resource/parteVI.png>
Package pdftex.def Info: resource/parteVI.png used on input line 174.
(pdftex.def)             Requested size: 142.26665pt x 199.17307pt.

<resource/parteVII.png, id=396, 467.7475pt x 748.7975pt>
File: resource/parteVII.png Graphic file (type png)

<use resource/parteVII.png>
Package pdftex.def Info: resource/parteVII.png used on input line 179.
(pdftex.def)             Requested size: 142.26665pt x 199.17307pt.

<resource/parteVIII.png, id=397, 350.81062pt x 561.59813pt>
File: resource/parteVIII.png Graphic file (type png)

<use resource/parteVIII.png>
Package pdftex.def Info: resource/parteVIII.png used on input line 184.
(pdftex.def)             Requested size: 142.26486pt x 199.16734pt.

<resource/parteIX.png, id=399, 467.7475pt x 748.7975pt>
File: resource/parteIX.png Graphic file (type png)

<use resource/parteIX.png>
Package pdftex.def Info: resource/parteIX.png used on input line 189.
(pdftex.def)             Requested size: 142.26665pt x 199.17307pt.

<resource/parteX.png, id=400, 467.7475pt x 748.7975pt>
File: resource/parteX.png Graphic file (type png)

<use resource/parteX.png>
Package pdftex.def Info: resource/parteX.png used on input line 194.
(pdftex.def)             Requested size: 142.26665pt x 199.17307pt.

<resource/parteXI.png, id=401, 467.7475pt x 748.7975pt>
File: resource/parteXI.png Graphic file (type png)

<use resource/parteXI.png>
Package pdftex.def Info: resource/parteXI.png used on input line 199.
(pdftex.def)             Requested size: 142.26665pt x 199.17307pt.


LaTeX Warning: Float too large for page by 20.84612pt on input line 202.

[23

 <C:/Users/Augusto/Documents/GitHub/Relatorio-IHC/resource/parteI.png (PNG copy
)> <C:/Users/Augusto/Documents/GitHub/Relatorio-IHC/resource/parteII.png (PNG c
opy)> <C:/Users/Augusto/Documents/GitHub/Relatorio-IHC/resource/parteIII.png (P
NG copy)> <C:/Users/Augusto/Documents/GitHub/Relatorio-IHC/resource/parteIV.png
 (PNG copy)>] [24 <C:/Users/Augusto/Documents/GitHub/Relatorio-IHC/resource/par
teV.png (PNG copy)> <C:/Users/Augusto/Documents/GitHub/Relatorio-IHC/resource/p
arteVI.png (PNG copy)> <C:/Users/Augusto/Documents/GitHub/Relatorio-IHC/resourc
e/parteVII.png (PNG copy)> <C:/Users/Augusto/Documents/GitHub/Relatorio-IHC/res
ource/parteVIII.png> <C:/Users/Augusto/Documents/GitHub/Relatorio-IHC/resource/
parteIX.png (PNG copy)> <C:/Users/Augusto/Documents/GitHub/Relatorio-IHC/resour
ce/parteX.png (PNG copy)> <C:/Users/Augusto/Documents/GitHub/Relatorio-IHC/reso
urce/parteXI.png (PNG copy)>]
<resource/mapa.jpg, id=423, 367.3725pt x 1104.125pt>
File: resource/mapa.jpg Graphic file (type jpg)
 <use resource/mapa.jpg>
Package pdftex.def Info: resource/mapa.jpg used on input line 210.
(pdftex.def)             Requested size: 284.54816pt x 625.98828pt.

[25

 <C:/Users/Augusto/Documents/GitHub/Relatorio-IHC/resource/mapa.jpg (PNG copy)>
] <resource/parteIVn.png, id=429, 467.7475pt x 748.7975pt>
File: resource/parteIVn.png Graphic file (type png)

<use resource/parteIVn.png>
Package pdftex.def Info: resource/parteIVn.png used on input line 228.
(pdftex.def)             Requested size: 142.26665pt x 216.24307pt.

<resource/parteVn.png, id=430, 467.7475pt x 748.7975pt>
File: resource/parteVn.png Graphic file (type png)

<use resource/parteVn.png>
Package pdftex.def Info: resource/parteVn.png used on input line 233.
(pdftex.def)             Requested size: 142.26665pt x 216.24307pt.

<resource/parteVIn.png, id=431, 467.7475pt x 748.7975pt>
File: resource/parteVIn.png Graphic file (type png)

<use resource/parteVIn.png>
Package pdftex.def Info: resource/parteVIn.png used on input line 238.
(pdftex.def)             Requested size: 142.26665pt x 216.24307pt.

<resource/parteVIIIn.png, id=432, 350.81062pt x 561.59813pt>
File: resource/parteVIIIn.png Graphic file (type png)

<use resource/parteVIIIn.png>
Package pdftex.def Info: resource/parteVIIIn.png used on input line 243.
(pdftex.def)             Requested size: 142.26486pt x 216.23737pt.
 [26

 <C:/Users/Augusto/Documents/GitHub/Relatorio-IHC/resource/parteIVn.png (PNG co
py)> <C:/Users/Augusto/Documents/GitHub/Relatorio-IHC/resource/parteVn.png (PNG
 copy)> <C:/Users/Augusto/Documents/GitHub/Relatorio-IHC/resource/parteVIn.png 
(PNG copy)> <C:/Users/Augusto/Documents/GitHub/Relatorio-IHC/resource/parteVIII
n.png>])
(C:\Users\Augusto\Documents\GitHub\Relatorio-IHC\source/questionarios.tex
LaTeX Font Info:    Font shape `T1/lmss/m/it' in size <17.28> not available
(Font)              Font shape `T1/lmss/m/sl' tried instead on input line 16.

<resource/logo1.png, id=442, 218.8175pt x 58.2175pt>
File: resource/logo1.png Graphic file (type png)
 <use resource/logo1.png>
Package pdftex.def Info: resource/logo1.png used on input line 21.
(pdftex.def)             Requested size: 109.40848pt x 29.10867pt.

[27


 <C:/Users/Augusto/Documents/GitHub/Relatorio-IHC/resource/logo1.png>]
<resource/logo2.png, id=454, 590.205pt x 171.64125pt>
File: resource/logo2.png Graphic file (type png)
 <use resource/logo2.png>
Package pdftex.def Info: resource/logo2.png used on input line 68.
(pdftex.def)             Requested size: 236.0778pt x 68.65527pt.

[28 <C:/Users/Augusto/Documents/GitHub/Relatorio-IHC/resource/logo2.png>]
<resource/logo3.png, id=467, 141.52875pt x 81.30376pt>
File: resource/logo3.png Graphic file (type png)

<use resource/logo3.png>
Package pdftex.def Info: resource/logo3.png used on input line 101.
(pdftex.def)             Requested size: 84.9179pt x 48.78261pt.
 [29 <C:/Users/Augusto/Documents/GitHub/Relatorio-IHC/resource/logo3.png>])
(C:\Users\Augusto\Documents\GitHub\Relatorio-IHC\source/ciclosDeVida.tex
[30]
<resource/ciclo_De_Vida_Simplesciclo_De_Vida_Simples.png, id=487, 368.1253pt x 
293.59688pt>
File: resource/ciclo_De_Vida_Simplesciclo_De_Vida_Simples.png Graphic file (typ
e png)
 <use resource/ciclo_De_Vida_Simplesciclo_De_Vida_Simples.png>
Package pdftex.def Info: resource/ciclo_De_Vida_Simplesciclo_De_Vida_Simples.pn
g used on input line 23.
(pdftex.def)             Requested size: 220.87688pt x 176.15947pt.


LaTeX Warning: `h' float specifier changed to `ht'.

[31

] [32 <C:/Users/Augusto/Documents/GitHub/Relatorio-IHC/resource/ciclo_De_Vida_S
implesciclo_De_Vida_Simples.png>]
<resource/cicloUE.png, id=502, 1250.6725pt x 1697.34125pt>
File: resource/cicloUE.png Graphic file (type png)

<use resource/cicloUE.png>
Package pdftex.def Info: resource/cicloUE.png used on input line 63.
(pdftex.def)             Requested size: 437.74194pt x 594.07835pt.


LaTeX Warning: `h' float specifier changed to `ht'.

)
(C:\Users\Augusto\Documents\GitHub\Relatorio-IHC\source/avaliacaoPrototipos.tex
[33] [34 <C:/Users/Augusto/Documents/GitHub/Relatorio-IHC/resource/cicloUE.png>
] [35

] [36] [37] [38] [39]
LaTeX Font Info:    External font `lmex10' loaded for size
(Font)              <14.4> on input line 226.
 [40]

LaTeX Warning: `h' float specifier changed to `ht'.

[41] [42]
Overfull \hbox (7.43973pt too wide) in paragraph at lines 333--377
 [][] 
 []

[43

]
Overfull \hbox (41.24802pt too wide) in paragraph at lines 403--404
[]\T1/lmr/m/n/12 Para a se-gunda in-te-ra-ção, não houve al-te-ra-ção na es-tru
-tura do ques-ti-o-ná-rio, permanecendo-
 []

[44

] [45]
Overfull \hbox (7.43973pt too wide) in paragraph at lines 494--538
 [][] 
 []

[46

]) (C:\Users\Augusto\Documents\GitHub\Relatorio-IHC\source/emag.tex [47


]
<resource/emag1.png, id=628, 1200.485pt x 395.4775pt>
File: resource/emag1.png Graphic file (type png)
 <use resource/emag1.png>
Package pdftex.def Info: resource/emag1.png used on input line 33.
(pdftex.def)             Requested size: 720.29657pt x 237.28833pt.

Overfull \hbox (12.29657pt too wide) in paragraph at lines 33--34
 [][] 
 []

<resource/emag2.png, id=629, 1200.485pt x 487.8225pt>
File: resource/emag2.png Graphic file (type png)
 <use resource/emag2.png>
Package pdftex.def Info: resource/emag2.png used on input line 40.
(pdftex.def)             Requested size: 720.29657pt x 292.69576pt.

Overfull \hbox (12.29657pt too wide) in paragraph at lines 40--41
 [][] 
 []


LaTeX Warning: `h' float specifier changed to `ht'.

<resource/emag3.png, id=630, 1200.485pt x 511.9125pt>
File: resource/emag3.png Graphic file (type png)
 <use resource/emag3.png>
Package pdftex.def Info: resource/emag3.png used on input line 47.
(pdftex.def)             Requested size: 720.29657pt x 307.14987pt.

Overfull \hbox (12.29657pt too wide) in paragraph at lines 47--48
 [][] 
 []


LaTeX Warning: `h' float specifier changed to `ht'.

<resource/emag4.jpg, id=631, 328.22626pt x 200.75pt>
File: resource/emag4.jpg Graphic file (type jpg)
 <use resource/emag4.jpg>
Package pdftex.def Info: resource/emag4.jpg used on input line 54.
(pdftex.def)             Requested size: 262.58136pt x 160.6002pt.


LaTeX Warning: `h' float specifier changed to `ht'.

[48

 <C:/Users/Augusto/Documents/GitHub/Relatorio-IHC/resource/emag1.png (PNG copy)
>] [49 <C:/Users/Augusto/Documents/GitHub/Relatorio-IHC/resource/emag2.png (PNG
 copy)>] [50 <C:/Users/Augusto/Documents/GitHub/Relatorio-IHC/resource/emag3.pn
g (PNG copy)>] [51 <C:/Users/Augusto/Documents/GitHub/Relatorio-IHC/resource/em
ag4.jpg (PNG copy)>] <resource/emag5.png, id=649, 1007.26312pt x 409.53pt>
File: resource/emag5.png Graphic file (type png)

<use resource/emag5.png>
Package pdftex.def Info: resource/emag5.png used on input line 67.
(pdftex.def)             Requested size: 604.36253pt x 245.7199pt.
 [52


 <C:/Users/Augusto/Documents/GitHub/Relatorio-IHC/resource/emag5.png>])
(C:\Users\Augusto\Documents\GitHub\Relatorio-IHC\source/termoConsentimento.tex
Overfull \hbox (3.5143pt too wide) in paragraph at lines 36--37
[]\T1/lmr/m/n/12 Eu, $[][][][][][][][][][][][][][][][][][][][][][][][][][][][][
][]$, abaixo as-si-nado, con-cordo
 []

[53


]) (C:\Users\Augusto\Documents\GitHub\Relatorio-IHC\source/ferramentas.tex
[54] <resource/fluid_ui.jpg, id=665, 617.30624pt x 351.3125pt>
File: resource/fluid_ui.jpg Graphic file (type jpg)

<use resource/fluid_ui.jpg>
Package pdftex.def Info: resource/fluid_ui.jpg used on input line 13.
(pdftex.def)             Requested size: 370.3866pt x 210.78911pt.

<resource/bit_strips.jpg, id=668, 1204.5pt x 678.535pt>
File: resource/bit_strips.jpg Graphic file (type jpg)

<use resource/bit_strips.jpg>
Package pdftex.def Info: resource/bit_strips.jpg used on input line 25.
(pdftex.def)             Requested size: 301.12427pt x 169.63333pt.
 [55

 <C:/Users/Augusto/Documents/GitHub/Relatorio-IHC/resource/fluid_ui.jpg>]
<resource/just.jpg, id=676, 1233.60875pt x 770.88pt>
File: resource/just.jpg Graphic file (type jpg)
 <use resource/just.jpg>
Package pdftex.def Info: resource/just.jpg used on input line 37.
(pdftex.def)             Requested size: 308.40143pt x 192.71953pt.
)
(C:\Users\Augusto\Documents\GitHub\Relatorio-IHC\source/requisitos.tex [56 <C:/
Users/Augusto/Documents/GitHub/Relatorio-IHC/resource/bit_strips.jpg> <C:/Users
/Augusto/Documents/GitHub/Relatorio-IHC/resource/just.jpg>] [57

])
(C:\Users\Augusto\Documents\GitHub\Relatorio-IHC\relatorio_IHC.bbl
(C:\Users\Augusto\Documents\GitHub\Relatorio-IHC\relatorio_IHC.brf)
\tf@brf=\write5
 [58]
bibitemlist
) (C:\Users\Augusto\Documents\GitHub\Relatorio-IHC\source/anexos.tex [59

]
<resource/tc1.jpg, id=721, 1335.99126pt x 2122.93124pt>
File: resource/tc1.jpg Graphic file (type jpg)
 <use resource/tc1.jpg>
Package pdftex.def Info: resource/tc1.jpg used on input line 6.
(pdftex.def)             Requested size: 374.075pt x 594.4167pt.

[60

 <C:/Users/Augusto/Documents/GitHub/Relatorio-IHC/resource/tc1.jpg>]
<resource/tc2.jpg, id=727, 1324.95pt x 2155.05125pt>
File: resource/tc2.jpg Graphic file (type jpg)
 <use resource/tc2.jpg>
Package pdftex.def Info: resource/tc2.jpg used on input line 14.
(pdftex.def)             Requested size: 397.48807pt x 646.52037pt.


LaTeX Warning: `h' float specifier changed to `ht'.

<resource/tc3.jpg, id=728, 1332.98pt x 2138.99126pt>
File: resource/tc3.jpg Graphic file (type jpg)
 <use resource/tc3.jpg>
Package pdftex.def Info: resource/tc3.jpg used on input line 22.
(pdftex.def)             Requested size: 399.89708pt x 641.70235pt.


LaTeX Warning: `h' float specifier changed to `ht'.

<resource/tc4.jpg, id=729, 1389.19pt x 2175.12625pt>
File: resource/tc4.jpg Graphic file (type jpg)
 <use resource/tc4.jpg>
Package pdftex.def Info: resource/tc4.jpg used on input line 30.
(pdftex.def)             Requested size: 416.76022pt x 652.54292pt.


LaTeX Warning: `h' float specifier changed to `ht'.

<resource/tc5.jpg, id=730, 1332.98pt x 2152.04pt>
File: resource/tc5.jpg Graphic file (type jpg)
 <use resource/tc5.jpg>
Package pdftex.def Info: resource/tc5.jpg used on input line 38.
(pdftex.def)             Requested size: 399.89708pt x 645.61699pt.


LaTeX Warning: `h' float specifier changed to `ht'.

<resource/tc6.jpg, id=731, 1515.6625pt x 2324.685pt>
File: resource/tc6.jpg Graphic file (type jpg)
 <use resource/tc6.jpg>
Package pdftex.def Info: resource/tc6.jpg used on input line 46.
(pdftex.def)             Requested size: 454.70226pt x 697.41089pt.


LaTeX Warning: Float too large for page by 13.91087pt on input line 49.


LaTeX Warning: `h' float specifier changed to `ht'.

<resource/tc7.jpg, id=732, 1453.43pt x 2211.26125pt>
File: resource/tc7.jpg Graphic file (type jpg)
 <use resource/tc7.jpg>
Package pdftex.def Info: resource/tc7.jpg used on input line 54.
(pdftex.def)             Requested size: 436.03236pt x 663.3835pt.


LaTeX Warning: `h' float specifier changed to `ht'.

<resource/tc8.jpg, id=733, 1420.30624pt x 2183.15625pt>
File: resource/tc8.jpg Graphic file (type jpg)
 <use resource/tc8.jpg>
Package pdftex.def Info: resource/tc8.jpg used on input line 62.
(pdftex.def)             Requested size: 426.09515pt x 654.95193pt.


LaTeX Warning: `h' float specifier changed to `ht'.

<resource/tc9.jpg, id=734, 1414.28375pt x 2178.1375pt>
File: resource/tc9.jpg Graphic file (type jpg)
 <use resource/tc9.jpg>
Package pdftex.def Info: resource/tc9.jpg used on input line 70.
(pdftex.def)             Requested size: 424.2884pt x 653.4463pt.


LaTeX Warning: `h' float specifier changed to `ht'.

<resource/tc10.jpg, id=735, 1400.23125pt x 2151.03625pt>
File: resource/tc10.jpg Graphic file (type jpg)

<use resource/tc10.jpg>
Package pdftex.def Info: resource/tc10.jpg used on input line 78.
(pdftex.def)             Requested size: 420.07262pt x 645.31587pt.


LaTeX Warning: `h' float specifier changed to `ht'.

<resource/tc11.jpg, id=736, 1434.35875pt x 2182.1525pt>
File: resource/tc11.jpg Graphic file (type jpg)

<use resource/tc11.jpg>
Package pdftex.def Info: resource/tc11.jpg used on input line 86.
(pdftex.def)             Requested size: 430.31094pt x 654.6508pt.


LaTeX Warning: `h' float specifier changed to `ht'.

<resource/tc12.jpg, id=737, 502.2765pt x 782.32275pt>
File: resource/tc12.jpg Graphic file (type jpg)
 <use resource/tc12.jpg>
Package pdftex.def Info: resource/tc12.jpg used on input line 94.
(pdftex.def)             Requested size: 401.82175pt x 625.85904pt.


LaTeX Warning: `h' float specifier changed to `ht'.

<resource/tc13.jpg, id=738, 1400.23125pt x 2147.02126pt>
File: resource/tc13.jpg Graphic file (type jpg)

<use resource/tc13.jpg>
Package pdftex.def Info: resource/tc13.jpg used on input line 102.
(pdftex.def)             Requested size: 420.07262pt x 644.11136pt.


LaTeX Warning: `h' float specifier changed to `ht'.

<resource/tc14.jpg, id=739, 1414.28375pt x 2163.08125pt>
File: resource/tc14.jpg Graphic file (type jpg)

<use resource/tc14.jpg>
Package pdftex.def Info: resource/tc14.jpg used on input line 110.
(pdftex.def)             Requested size: 424.2884pt x 648.9294pt.


LaTeX Warning: `h' float specifier changed to `ht'.

<resource/tc15.jpg, id=740, 1405.25pt x 2173.11874pt>
File: resource/tc15.jpg Graphic file (type jpg)
 <use resource/tc15.jpg>
Package pdftex.def Info: resource/tc15.jpg used on input line 118.
(pdftex.def)             Requested size: 421.57826pt x 651.94066pt.


LaTeX Warning: `h' float specifier changed to `ht'.

)
No file relatorio_IHC.ind.

AED: lastpage setting LastPage
[61 <C:/Users/Augusto/Documents/GitHub/Relatorio-IHC/resource/tc2.jpg>]
[62 <C:/Users/Augusto/Documents/GitHub/Relatorio-IHC/resource/tc3.jpg>]
[63 <C:/Users/Augusto/Documents/GitHub/Relatorio-IHC/resource/tc4.jpg>]
[64 <C:/Users/Augusto/Documents/GitHub/Relatorio-IHC/resource/tc5.jpg>]
[65 <C:/Users/Augusto/Documents/GitHub/Relatorio-IHC/resource/tc6.jpg>]
[66 <C:/Users/Augusto/Documents/GitHub/Relatorio-IHC/resource/tc7.jpg>]
[67 <C:/Users/Augusto/Documents/GitHub/Relatorio-IHC/resource/tc8.jpg>]
[68 <C:/Users/Augusto/Documents/GitHub/Relatorio-IHC/resource/tc9.jpg>]
[69 <C:/Users/Augusto/Documents/GitHub/Relatorio-IHC/resource/tc10.jpg>]
[70 <C:/Users/Augusto/Documents/GitHub/Relatorio-IHC/resource/tc11.jpg>]
[71 <C:/Users/Augusto/Documents/GitHub/Relatorio-IHC/resource/tc12.jpg>]
[72 <C:/Users/Augusto/Documents/GitHub/Relatorio-IHC/resource/tc13.jpg>]
[73 <C:/Users/Augusto/Documents/GitHub/Relatorio-IHC/resource/tc14.jpg>]
[74 <C:/Users/Augusto/Documents/GitHub/Relatorio-IHC/resource/tc15.jpg>]
\tf@toc=\write6
\tf@lof=\write7
\tf@lot=\write8
Package atveryend Info: Empty hook `BeforeClearDocument' on input line 48.
Package atveryend Info: Empty hook `AfterLastShipout' on input line 48.

(C:\Users\Augusto\Documents\GitHub\Relatorio-IHC\relatorio_IHC.aux)
Package atveryend Info: Executing hook `AtVeryEndDocument' on input line 48.
Package atveryend Info: Executing hook `AtEndAfterFileList' on input line 48.
Package rerunfilecheck Info: File `relatorio_IHC.brf' has not changed.
(rerunfilecheck)             Checksum: D2DEB986AD3AF68BEEAF077EE5251946;688.


LaTeX Warning: There were multiply-defined labels.

Package atveryend Info: Empty hook `AtVeryVeryEnd' on input line 48.
 ) 
Here is how much of TeX's memory you used:
 13957 strings out of 493921
 211894 string characters out of 3144870
 332002 words of memory out of 3000000
 16561 multiletter control sequences out of 15000+200000
 90492 words of font info for 59 fonts, out of 3000000 for 9000
 841 hyphenation exceptions out of 8191
 47i,14n,47p,809b,504s stack positions out of 5000i,500n,10000p,200000b,50000s
{C:/Program Files (x86)/MiKTeX 2.9/fonts/enc/dvips/lm/lm-rm.enc}{C:/Program F
iles (x86)/MiKTeX 2.9/fonts/enc/dvips/lm/lm-mathit.enc}{C:/Program Files (x86)/
MiKTeX 2.9/fonts/enc/dvips/lm/lm-ec.enc}{C:/Program Files (x86)/MiKTeX 2.9/font
s/enc/dvips/lm/lm-mathsy.enc}<C:/Program Files (x86)/MiKTeX 2.9/fonts/type1/pub
lic/lm/lmbx12.pfb><C:/Program Files (x86)/MiKTeX 2.9/fonts/type1/public/lm/lmmi
12.pfb><C:/Program Files (x86)/MiKTeX 2.9/fonts/type1/public/lm/lmr10.pfb><C:/P
rogram Files (x86)/MiKTeX 2.9/fonts/type1/public/lm/lmr12.pfb><C:/Program Files
 (x86)/MiKTeX 2.9/fonts/type1/public/lm/lmr7.pfb><C:/Program Files (x86)/MiKTeX
 2.9/fonts/type1/public/lm/lmr8.pfb><C:/Program Files (x86)/MiKTeX 2.9/fonts/ty
pe1/public/lm/lmri10.pfb><C:/Program Files (x86)/MiKTeX 2.9/fonts/type1/public/
lm/lmri12.pfb><C:/Program Files (x86)/MiKTeX 2.9/fonts/type1/public/lm/lmss10.p
fb><C:/Program Files (x86)/MiKTeX 2.9/fonts/type1/public/lm/lmss12.pfb><C:/Prog
ram Files (x86)/MiKTeX 2.9/fonts/type1/public/lm/lmss17.pfb><C:/Program Files (
x86)/MiKTeX 2.9/fonts/type1/public/lm/lmss8.pfb><C:/Program Files (x86)/MiKTeX 
2.9/fonts/type1/public/lm/lmssbx10.pfb><C:/Program Files (x86)/MiKTeX 2.9/fonts
/type1/public/lm/lmsso17.pfb><C:/Program Files (x86)/MiKTeX 2.9/fonts/type1/pub
lic/lm/lmsy10.pfb>
Output written on relatorio_IHC.pdf (75 pages, 17179448 bytes).
PDF statistics:
 1121 PDF objects out of 1200 (max. 8388607)
 290 named destinations out of 1000 (max. 500000)
 880 words of extra memory for PDF output out of 10000 (max. 10000000)

